17640:C 26 Jul 2023 18:16:25.023 # oO0OoO0OoO0Oo Redis is starting oO0OoO0OoO0Oo
17640:C 26 Jul 2023 18:16:25.023 # Redis version=5.0.14, bits=32, commit=00000000, modified=0, pid=17640, just started
17640:C 26 Jul 2023 18:16:25.023 # Configuration loaded
17641:M 26 Jul 2023 18:16:25.032 # Warning: 32 bit instance detected but no memory limit set. Setting 3 GB maxmemory limit with 'noeviction' policy now.
                _._                                                  
           _.-``__ ''-._                                             
      _.-``    `.  `_.  ''-._           Redis 5.0.14 (00000000/0) 32 bit
  .-`` .-```.  ```\/    _.,_ ''-._                                   
 (    '      ,       .-`  | `,    )     Running in standalone mode
 |`-._`-...-` __...-.``-._|'` _.-'|     Port: 6379
 |    `-._   `._    /     _.-'    |     PID: 17641
  `-._    `-._  `-./  _.-'    _.-'                                   
 |`-._`-._    `-.__.-'    _.-'_.-'|                                  
 |    `-._`-._        _.-'_.-'    |           http://redis.io        
  `-._    `-._`-.__.-'_.-'    _.-'                                   
 |`-._`-._    `-.__.-'    _.-'_.-'|                                  
 |    `-._`-._        _.-'_.-'    |                                  
  `-._    `-._`-.__.-'_.-'    _.-'                                   
      `-._    `-.__.-'    _.-'                                       
          `-._        _.-'                                           
              `-.__.-'                                               

17641:M 26 Jul 2023 18:16:25.034 # Server initialized
17641:M 26 Jul 2023 18:16:25.034 # WARNING overcommit_memory is set to 0! Background save may fail under low memory condition. To fix this issue add 'vm.overcommit_memory = 1' to /etc/sysctl.conf and then reboot or run the command 'sysctl vm.overcommit_memory=1' for this to take effect.
17641:M 26 Jul 2023 18:16:25.035 * Ready to accept connections
17641:signal-handler (1690388341) Received SIGTERM scheduling shutdown...
17641:signal-handler (1690388341) Received SIGTERM scheduling shutdown...
17641:M 26 Jul 2023 18:19:01.215 # User requested shutdown...
17641:M 26 Jul 2023 18:19:01.216 * Saving the final RDB snapshot before exiting.
17641:M 26 Jul 2023 18:19:01.249 * DB saved on disk
17641:M 26 Jul 2023 18:19:01.249 * Removing the pid file.
17641:M 26 Jul 2023 18:19:01.250 # Redis is now ready to exit, bye bye...
20096:C 26 Jul 2023 18:19:01.412 # oO0OoO0OoO0Oo Redis is starting oO0OoO0OoO0Oo
20096:C 26 Jul 2023 18:19:01.412 # Redis version=5.0.14, bits=32, commit=00000000, modified=0, pid=20096, just started
20096:C 26 Jul 2023 18:19:01.412 # Configuration loaded
20097:M 26 Jul 2023 18:19:01.423 # Warning: 32 bit instance detected but no memory limit set. Setting 3 GB maxmemory limit with 'noeviction' policy now.
                _._                                                  
           _.-``__ ''-._                                             
      _.-``    `.  `_.  ''-._           Redis 5.0.14 (00000000/0) 32 bit
  .-`` .-```.  ```\/    _.,_ ''-._                                   
 (    '      ,       .-`  | `,    )     Running in standalone mode
 |`-._`-...-` __...-.``-._|'` _.-'|     Port: 6379
 |    `-._   `._    /     _.-'    |     PID: 20097
  `-._    `-._  `-./  _.-'    _.-'                                   
 |`-._`-._    `-.__.-'    _.-'_.-'|                                  
 |    `-._`-._        _.-'_.-'    |           http://redis.io        
  `-._    `-._`-.__.-'_.-'    _.-'                                   
 |`-._`-._    `-.__.-'    _.-'_.-'|                                  
 |    `-._`-._        _.-'_.-'    |                                  
  `-._    `-._`-.__.-'_.-'    _.-'                                   
      `-._    `-.__.-'    _.-'                                       
          `-._        _.-'                                           
              `-.__.-'                                               

20097:M 26 Jul 2023 18:19:01.426 # Server initialized
20097:M 26 Jul 2023 18:19:01.427 # WARNING overcommit_memory is set to 0! Background save may fail under low memory condition. To fix this issue add 'vm.overcommit_memory = 1' to /etc/sysctl.conf and then reboot or run the command 'sysctl vm.overcommit_memory=1' for this to take effect.
20097:M 26 Jul 2023 18:19:01.427 * DB loaded from disk: 0.000 seconds
20097:M 26 Jul 2023 18:19:01.427 * Ready to accept connections
20097:signal-handler (1690388743) Received SIGTERM scheduling shutdown...
20097:signal-handler (1690388743) Received SIGTERM scheduling shutdown...
20097:M 26 Jul 2023 18:25:43.986 # User requested shutdown...
20097:M 26 Jul 2023 18:25:43.986 * Removing the pid file.
20097:M 26 Jul 2023 18:25:43.986 # Redis is now ready to exit, bye bye...
626:C 26 Jul 2023 18:26:05.305 # oO0OoO0OoO0Oo Redis is starting oO0OoO0OoO0Oo
626:C 26 Jul 2023 18:26:05.305 # Redis version=5.0.14, bits=32, commit=00000000, modified=0, pid=626, just started
626:C 26 Jul 2023 18:26:05.305 # Configuration loaded
669:M 26 Jul 2023 18:26:05.314 # Warning: 32 bit instance detected but no memory limit set. Setting 3 GB maxmemory limit with 'noeviction' policy now.
                _._                                                  
           _.-``__ ''-._                                             
      _.-``    `.  `_.  ''-._           Redis 5.0.14 (00000000/0) 32 bit
  .-`` .-```.  ```\/    _.,_ ''-._                                   
 (    '      ,       .-`  | `,    )     Running in standalone mode
 |`-._`-...-` __...-.``-._|'` _.-'|     Port: 6379
 |    `-._   `._    /     _.-'    |     PID: 669
  `-._    `-._  `-./  _.-'    _.-'                                   
 |`-._`-._    `-.__.-'    _.-'_.-'|                                  
 |    `-._`-._        _.-'_.-'    |           http://redis.io        
  `-._    `-._`-.__.-'_.-'    _.-'                                   
 |`-._`-._    `-.__.-'    _.-'_.-'|                                  
 |    `-._`-._        _.-'_.-'    |                                  
  `-._    `-._`-.__.-'_.-'    _.-'                                   
      `-._    `-.__.-'    _.-'                                       
          `-._        _.-'                                           
              `-.__.-'                                               

669:M 26 Jul 2023 18:26:05.360 # Server initialized
669:M 26 Jul 2023 18:26:05.360 # WARNING overcommit_memory is set to 0! Background save may fail under low memory condition. To fix this issue add 'vm.overcommit_memory = 1' to /etc/sysctl.conf and then reboot or run the command 'sysctl vm.overcommit_memory=1' for this to take effect.
669:M 26 Jul 2023 18:26:05.366 * DB loaded from disk: 0.006 seconds
669:M 26 Jul 2023 18:26:05.367 * Ready to accept connections
669:signal-handler (1690389991) Received SIGTERM scheduling shutdown...
669:signal-handler (1690389991) Received SIGTERM scheduling shutdown...
669:M 26 Jul 2023 18:46:31.533 # User requested shutdown...
669:M 26 Jul 2023 18:46:31.534 * Removing the pid file.
669:M 26 Jul 2023 18:46:31.534 # Redis is now ready to exit, bye bye...
657:C 08 Aug 2023 12:28:15.287 # oO0OoO0OoO0Oo Redis is starting oO0OoO0OoO0Oo
657:C 08 Aug 2023 12:28:15.287 # Redis version=5.0.14, bits=32, commit=00000000, modified=0, pid=657, just started
657:C 08 Aug 2023 12:28:15.287 # Configuration loaded
693:M 08 Aug 2023 12:28:15.296 # Warning: 32 bit instance detected but no memory limit set. Setting 3 GB maxmemory limit with 'noeviction' policy now.
                _._                                                  
           _.-``__ ''-._                                             
      _.-``    `.  `_.  ''-._           Redis 5.0.14 (00000000/0) 32 bit
  .-`` .-```.  ```\/    _.,_ ''-._                                   
 (    '      ,       .-`  | `,    )     Running in standalone mode
 |`-._`-...-` __...-.``-._|'` _.-'|     Port: 6379
 |    `-._   `._    /     _.-'    |     PID: 693
  `-._    `-._  `-./  _.-'    _.-'                                   
 |`-._`-._    `-.__.-'    _.-'_.-'|                                  
 |    `-._`-._        _.-'_.-'    |           http://redis.io        
  `-._    `-._`-.__.-'_.-'    _.-'                                   
 |`-._`-._    `-.__.-'    _.-'_.-'|                                  
 |    `-._`-._        _.-'_.-'    |                                  
  `-._    `-._`-.__.-'_.-'    _.-'                                   
      `-._    `-.__.-'    _.-'                                       
          `-._        _.-'                                           
              `-.__.-'                                               

693:M 08 Aug 2023 12:28:15.324 # Server initialized
693:M 08 Aug 2023 12:28:15.324 # WARNING overcommit_memory is set to 0! Background save may fail under low memory condition. To fix this issue add 'vm.overcommit_memory = 1' to /etc/sysctl.conf and then reboot or run the command 'sysctl vm.overcommit_memory=1' for this to take effect.
693:M 08 Aug 2023 12:28:15.327 * DB loaded from disk: 0.002 seconds
693:M 08 Aug 2023 12:28:15.327 * Ready to accept connections
693:signal-handler (1691490892) Received SIGTERM scheduling shutdown...
693:signal-handler (1691490892) Received SIGTERM scheduling shutdown...
693:M 08 Aug 2023 12:34:53.010 # User requested shutdown...
693:M 08 Aug 2023 12:34:53.011 * Removing the pid file.
693:M 08 Aug 2023 12:34:53.011 # Redis is now ready to exit, bye bye...
613:C 08 Aug 2023 12:35:17.473 # oO0OoO0OoO0Oo Redis is starting oO0OoO0OoO0Oo
613:C 08 Aug 2023 12:35:17.473 # Redis version=5.0.14, bits=32, commit=00000000, modified=0, pid=613, just started
613:C 08 Aug 2023 12:35:17.473 # Configuration loaded
691:M 08 Aug 2023 12:35:17.496 # Warning: 32 bit instance detected but no memory limit set. Setting 3 GB maxmemory limit with 'noeviction' policy now.
                _._                                                  
           _.-``__ ''-._                                             
      _.-``    `.  `_.  ''-._           Redis 5.0.14 (00000000/0) 32 bit
  .-`` .-```.  ```\/    _.,_ ''-._                                   
 (    '      ,       .-`  | `,    )     Running in standalone mode
 |`-._`-...-` __...-.``-._|'` _.-'|     Port: 6379
 |    `-._   `._    /     _.-'    |     PID: 691
  `-._    `-._  `-./  _.-'    _.-'                                   
 |`-._`-._    `-.__.-'    _.-'_.-'|                                  
 |    `-._`-._        _.-'_.-'    |           http://redis.io        
  `-._    `-._`-.__.-'_.-'    _.-'                                   
 |`-._`-._    `-.__.-'    _.-'_.-'|                                  
 |    `-._`-._        _.-'_.-'    |                                  
  `-._    `-._`-.__.-'_.-'    _.-'                                   
      `-._    `-.__.-'    _.-'                                       
          `-._        _.-'                                           
              `-.__.-'                                               

691:M 08 Aug 2023 12:35:17.515 # Server initialized
691:M 08 Aug 2023 12:35:17.515 # WARNING overcommit_memory is set to 0! Background save may fail under low memory condition. To fix this issue add 'vm.overcommit_memory = 1' to /etc/sysctl.conf and then reboot or run the command 'sysctl vm.overcommit_memory=1' for this to take effect.
691:M 08 Aug 2023 12:35:17.519 * DB loaded from disk: 0.003 seconds
691:M 08 Aug 2023 12:35:17.519 * Ready to accept connections
691:signal-handler (1691491707) Received SIGTERM scheduling shutdown...
691:signal-handler (1691491707) Received SIGTERM scheduling shutdown...
691:M 08 Aug 2023 12:48:27.894 # User requested shutdown...
691:M 08 Aug 2023 12:48:27.894 * Removing the pid file.
691:M 08 Aug 2023 12:48:27.895 # Redis is now ready to exit, bye bye...
651:C 08 Aug 2023 12:48:52.305 # oO0OoO0OoO0Oo Redis is starting oO0OoO0OoO0Oo
651:C 08 Aug 2023 12:48:52.305 # Redis version=5.0.14, bits=32, commit=00000000, modified=0, pid=651, just started
651:C 08 Aug 2023 12:48:52.305 # Configuration loaded
689:M 08 Aug 2023 12:48:52.314 # Warning: 32 bit instance detected but no memory limit set. Setting 3 GB maxmemory limit with 'noeviction' policy now.
                _._                                                  
           _.-``__ ''-._                                             
      _.-``    `.  `_.  ''-._           Redis 5.0.14 (00000000/0) 32 bit
  .-`` .-```.  ```\/    _.,_ ''-._                                   
 (    '      ,       .-`  | `,    )     Running in standalone mode
 |`-._`-...-` __...-.``-._|'` _.-'|     Port: 6379
 |    `-._   `._    /     _.-'    |     PID: 689
  `-._    `-._  `-./  _.-'    _.-'                                   
 |`-._`-._    `-.__.-'    _.-'_.-'|                                  
 |    `-._`-._        _.-'_.-'    |           http://redis.io        
  `-._    `-._`-.__.-'_.-'    _.-'                                   
 |`-._`-._    `-.__.-'    _.-'_.-'|                                  
 |    `-._`-._        _.-'_.-'    |                                  
  `-._    `-._`-.__.-'_.-'    _.-'                                   
      `-._    `-.__.-'    _.-'                                       
          `-._        _.-'                                           
              `-.__.-'                                               

689:M 08 Aug 2023 12:48:52.333 # Server initialized
689:M 08 Aug 2023 12:48:52.333 # WARNING overcommit_memory is set to 0! Background save may fail under low memory condition. To fix this issue add 'vm.overcommit_memory = 1' to /etc/sysctl.conf and then reboot or run the command 'sysctl vm.overcommit_memory=1' for this to take effect.
689:M 08 Aug 2023 12:48:52.346 * DB loaded from disk: 0.012 seconds
689:M 08 Aug 2023 12:48:52.346 * Ready to accept connections
689:signal-handler (1691503792) Received SIGTERM scheduling shutdown...
689:signal-handler (1691503792) Received SIGTERM scheduling shutdown...
689:M 08 Aug 2023 16:09:52.945 # User requested shutdown...
689:M 08 Aug 2023 16:09:52.945 * Removing the pid file.
689:M 08 Aug 2023 16:09:52.946 # Redis is now ready to exit, bye bye...
661:C 08 Aug 2023 16:10:11.856 # oO0OoO0OoO0Oo Redis is starting oO0OoO0OoO0Oo
661:C 08 Aug 2023 16:10:11.856 # Redis version=5.0.14, bits=32, commit=00000000, modified=0, pid=661, just started
661:C 08 Aug 2023 16:10:11.856 # Configuration loaded
697:M 08 Aug 2023 16:10:11.866 # Warning: 32 bit instance detected but no memory limit set. Setting 3 GB maxmemory limit with 'noeviction' policy now.
                _._                                                  
           _.-``__ ''-._                                             
      _.-``    `.  `_.  ''-._           Redis 5.0.14 (00000000/0) 32 bit
  .-`` .-```.  ```\/    _.,_ ''-._                                   
 (    '      ,       .-`  | `,    )     Running in standalone mode
 |`-._`-...-` __...-.``-._|'` _.-'|     Port: 6379
 |    `-._   `._    /     _.-'    |     PID: 697
  `-._    `-._  `-./  _.-'    _.-'                                   
 |`-._`-._    `-.__.-'    _.-'_.-'|                                  
 |    `-._`-._        _.-'_.-'    |           http://redis.io        
  `-._    `-._`-.__.-'_.-'    _.-'                                   
 |`-._`-._    `-.__.-'    _.-'_.-'|                                  
 |    `-._`-._        _.-'_.-'    |                                  
  `-._    `-._`-.__.-'_.-'    _.-'                                   
      `-._    `-.__.-'    _.-'                                       
          `-._        _.-'                                           
              `-.__.-'                                               

697:M 08 Aug 2023 16:10:11.884 # Server initialized
697:M 08 Aug 2023 16:10:11.884 # WARNING overcommit_memory is set to 0! Background save may fail under low memory condition. To fix this issue add 'vm.overcommit_memory = 1' to /etc/sysctl.conf and then reboot or run the command 'sysctl vm.overcommit_memory=1' for this to take effect.
697:M 08 Aug 2023 16:10:11.887 * DB loaded from disk: 0.002 seconds
697:M 08 Aug 2023 16:10:11.887 * Ready to accept connections
697:signal-handler (1691519404) Received SIGTERM scheduling shutdown...
697:signal-handler (1691519404) Received SIGTERM scheduling shutdown...
697:M 08 Aug 2023 20:30:04.103 # User requested shutdown...
697:M 08 Aug 2023 20:30:04.244 * Removing the pid file.
697:M 08 Aug 2023 20:30:04.244 # Redis is now ready to exit, bye bye...
606:C 08 Aug 2023 20:30:26.290 # oO0OoO0OoO0Oo Redis is starting oO0OoO0OoO0Oo
606:C 08 Aug 2023 20:30:26.290 # Redis version=5.0.14, bits=32, commit=00000000, modified=0, pid=606, just started
606:C 08 Aug 2023 20:30:26.290 # Configuration loaded
695:M 08 Aug 2023 20:30:26.299 # Warning: 32 bit instance detected but no memory limit set. Setting 3 GB maxmemory limit with 'noeviction' policy now.
                _._                                                  
           _.-``__ ''-._                                             
      _.-``    `.  `_.  ''-._           Redis 5.0.14 (00000000/0) 32 bit
  .-`` .-```.  ```\/    _.,_ ''-._                                   
 (    '      ,       .-`  | `,    )     Running in standalone mode
 |`-._`-...-` __...-.``-._|'` _.-'|     Port: 6379
 |    `-._   `._    /     _.-'    |     PID: 695
  `-._    `-._  `-./  _.-'    _.-'                                   
 |`-._`-._    `-.__.-'    _.-'_.-'|                                  
 |    `-._`-._        _.-'_.-'    |           http://redis.io        
  `-._    `-._`-.__.-'_.-'    _.-'                                   
 |`-._`-._    `-.__.-'    _.-'_.-'|                                  
 |    `-._`-._        _.-'_.-'    |                                  
  `-._    `-._`-.__.-'_.-'    _.-'                                   
      `-._    `-.__.-'    _.-'                                       
          `-._        _.-'                                           
              `-.__.-'                                               

695:M 08 Aug 2023 20:30:26.359 # Server initialized
695:M 08 Aug 2023 20:30:26.360 # WARNING overcommit_memory is set to 0! Background save may fail under low memory condition. To fix this issue add 'vm.overcommit_memory = 1' to /etc/sysctl.conf and then reboot or run the command 'sysctl vm.overcommit_memory=1' for this to take effect.
695:M 08 Aug 2023 20:30:26.370 * DB loaded from disk: 0.009 seconds
695:M 08 Aug 2023 20:30:26.370 * Ready to accept connections
695:signal-handler (1691519988) Received SIGTERM scheduling shutdown...
695:signal-handler (1691519988) Received SIGTERM scheduling shutdown...
695:M 08 Aug 2023 20:39:48.881 # User requested shutdown...
695:M 08 Aug 2023 20:39:48.881 * Removing the pid file.
695:M 08 Aug 2023 20:39:48.881 # Redis is now ready to exit, bye bye...
650:C 08 Aug 2023 20:40:09.617 # oO0OoO0OoO0Oo Redis is starting oO0OoO0OoO0Oo
650:C 08 Aug 2023 20:40:09.617 # Redis version=5.0.14, bits=32, commit=00000000, modified=0, pid=650, just started
650:C 08 Aug 2023 20:40:09.617 # Configuration loaded
696:M 08 Aug 2023 20:40:09.626 # Warning: 32 bit instance detected but no memory limit set. Setting 3 GB maxmemory limit with 'noeviction' policy now.
                _._                                                  
           _.-``__ ''-._                                             
      _.-``    `.  `_.  ''-._           Redis 5.0.14 (00000000/0) 32 bit
  .-`` .-```.  ```\/    _.,_ ''-._                                   
 (    '      ,       .-`  | `,    )     Running in standalone mode
 |`-._`-...-` __...-.``-._|'` _.-'|     Port: 6379
 |    `-._   `._    /     _.-'    |     PID: 696
  `-._    `-._  `-./  _.-'    _.-'                                   
 |`-._`-._    `-.__.-'    _.-'_.-'|                                  
 |    `-._`-._        _.-'_.-'    |           http://redis.io        
  `-._    `-._`-.__.-'_.-'    _.-'                                   
 |`-._`-._    `-.__.-'    _.-'_.-'|                                  
 |    `-._`-._        _.-'_.-'    |                                  
  `-._    `-._`-.__.-'_.-'    _.-'                                   
      `-._    `-.__.-'    _.-'                                       
          `-._        _.-'                                           
              `-.__.-'                                               

696:M 08 Aug 2023 20:40:09.671 # Server initialized
696:M 08 Aug 2023 20:40:09.671 # WARNING overcommit_memory is set to 0! Background save may fail under low memory condition. To fix this issue add 'vm.overcommit_memory = 1' to /etc/sysctl.conf and then reboot or run the command 'sysctl vm.overcommit_memory=1' for this to take effect.
696:M 08 Aug 2023 20:40:09.677 * DB loaded from disk: 0.005 seconds
696:M 08 Aug 2023 20:40:09.677 * Ready to accept connections
696:signal-handler (1691520379) Received SIGTERM scheduling shutdown...
696:signal-handler (1691520379) Received SIGTERM scheduling shutdown...
696:M 08 Aug 2023 20:46:19.692 # User requested shutdown...
696:M 08 Aug 2023 20:46:19.693 * Removing the pid file.
696:M 08 Aug 2023 20:46:19.693 # Redis is now ready to exit, bye bye...
607:C 08 Aug 2023 20:46:39.507 # oO0OoO0OoO0Oo Redis is starting oO0OoO0OoO0Oo
607:C 08 Aug 2023 20:46:39.507 # Redis version=5.0.14, bits=32, commit=00000000, modified=0, pid=607, just started
607:C 08 Aug 2023 20:46:39.507 # Configuration loaded
696:M 08 Aug 2023 20:46:39.515 # Warning: 32 bit instance detected but no memory limit set. Setting 3 GB maxmemory limit with 'noeviction' policy now.
                _._                                                  
           _.-``__ ''-._                                             
      _.-``    `.  `_.  ''-._           Redis 5.0.14 (00000000/0) 32 bit
  .-`` .-```.  ```\/    _.,_ ''-._                                   
 (    '      ,       .-`  | `,    )     Running in standalone mode
 |`-._`-...-` __...-.``-._|'` _.-'|     Port: 6379
 |    `-._   `._    /     _.-'    |     PID: 696
  `-._    `-._  `-./  _.-'    _.-'                                   
 |`-._`-._    `-.__.-'    _.-'_.-'|                                  
 |    `-._`-._        _.-'_.-'    |           http://redis.io        
  `-._    `-._`-.__.-'_.-'    _.-'                                   
 |`-._`-._    `-.__.-'    _.-'_.-'|                                  
 |    `-._`-._        _.-'_.-'    |                                  
  `-._    `-._`-.__.-'_.-'    _.-'                                   
      `-._    `-.__.-'    _.-'                                       
          `-._        _.-'                                           
              `-.__.-'                                               

696:M 08 Aug 2023 20:46:39.573 # Server initialized
696:M 08 Aug 2023 20:46:39.573 # WARNING overcommit_memory is set to 0! Background save may fail under low memory condition. To fix this issue add 'vm.overcommit_memory = 1' to /etc/sysctl.conf and then reboot or run the command 'sysctl vm.overcommit_memory=1' for this to take effect.
696:M 08 Aug 2023 20:46:39.582 * DB loaded from disk: 0.008 seconds
696:M 08 Aug 2023 20:46:39.582 * Ready to accept connections
696:signal-handler (1691520553) Received SIGTERM scheduling shutdown...
696:signal-handler (1691520553) Received SIGTERM scheduling shutdown...
696:M 08 Aug 2023 20:49:13.608 # User requested shutdown...
696:M 08 Aug 2023 20:49:13.608 * Removing the pid file.
696:M 08 Aug 2023 20:49:13.608 # Redis is now ready to exit, bye bye...
604:C 08 Aug 2023 20:49:34.599 # oO0OoO0OoO0Oo Redis is starting oO0OoO0OoO0Oo
604:C 08 Aug 2023 20:49:34.599 # Redis version=5.0.14, bits=32, commit=00000000, modified=0, pid=604, just started
604:C 08 Aug 2023 20:49:34.599 # Configuration loaded
693:M 08 Aug 2023 20:49:34.609 # Warning: 32 bit instance detected but no memory limit set. Setting 3 GB maxmemory limit with 'noeviction' policy now.
                _._                                                  
           _.-``__ ''-._                                             
      _.-``    `.  `_.  ''-._           Redis 5.0.14 (00000000/0) 32 bit
  .-`` .-```.  ```\/    _.,_ ''-._                                   
 (    '      ,       .-`  | `,    )     Running in standalone mode
 |`-._`-...-` __...-.``-._|'` _.-'|     Port: 6379
 |    `-._   `._    /     _.-'    |     PID: 693
  `-._    `-._  `-./  _.-'    _.-'                                   
 |`-._`-._    `-.__.-'    _.-'_.-'|                                  
 |    `-._`-._        _.-'_.-'    |           http://redis.io        
  `-._    `-._`-.__.-'_.-'    _.-'                                   
 |`-._`-._    `-.__.-'    _.-'_.-'|                                  
 |    `-._`-._        _.-'_.-'    |                                  
  `-._    `-._`-.__.-'_.-'    _.-'                                   
      `-._    `-.__.-'    _.-'                                       
          `-._        _.-'                                           
              `-.__.-'                                               

693:M 08 Aug 2023 20:49:34.674 # Server initialized
693:M 08 Aug 2023 20:49:34.674 # WARNING overcommit_memory is set to 0! Background save may fail under low memory condition. To fix this issue add 'vm.overcommit_memory = 1' to /etc/sysctl.conf and then reboot or run the command 'sysctl vm.overcommit_memory=1' for this to take effect.
693:M 08 Aug 2023 20:49:34.677 * DB loaded from disk: 0.002 seconds
693:M 08 Aug 2023 20:49:34.677 * Ready to accept connections
693:signal-handler (1691521322) Received SIGTERM scheduling shutdown...
693:signal-handler (1691521322) Received SIGTERM scheduling shutdown...
693:M 08 Aug 2023 21:02:02.711 # User requested shutdown...
693:M 08 Aug 2023 21:02:02.711 * Removing the pid file.
693:M 08 Aug 2023 21:02:02.711 # Redis is now ready to exit, bye bye...
655:C 08 Aug 2023 21:02:24.472 # oO0OoO0OoO0Oo Redis is starting oO0OoO0OoO0Oo
655:C 08 Aug 2023 21:02:24.472 # Redis version=5.0.14, bits=32, commit=00000000, modified=0, pid=655, just started
655:C 08 Aug 2023 21:02:24.472 # Configuration loaded
693:M 08 Aug 2023 21:02:24.482 # Warning: 32 bit instance detected but no memory limit set. Setting 3 GB maxmemory limit with 'noeviction' policy now.
                _._                                                  
           _.-``__ ''-._                                             
      _.-``    `.  `_.  ''-._           Redis 5.0.14 (00000000/0) 32 bit
  .-`` .-```.  ```\/    _.,_ ''-._                                   
 (    '      ,       .-`  | `,    )     Running in standalone mode
 |`-._`-...-` __...-.``-._|'` _.-'|     Port: 6379
 |    `-._   `._    /     _.-'    |     PID: 693
  `-._    `-._  `-./  _.-'    _.-'                                   
 |`-._`-._    `-.__.-'    _.-'_.-'|                                  
 |    `-._`-._        _.-'_.-'    |           http://redis.io        
  `-._    `-._`-.__.-'_.-'    _.-'                                   
 |`-._`-._    `-.__.-'    _.-'_.-'|                                  
 |    `-._`-._        _.-'_.-'    |                                  
  `-._    `-._`-.__.-'_.-'    _.-'                                   
      `-._    `-.__.-'    _.-'                                       
          `-._        _.-'                                           
              `-.__.-'                                               

693:M 08 Aug 2023 21:02:24.570 # Server initialized
693:M 08 Aug 2023 21:02:24.570 # WARNING overcommit_memory is set to 0! Background save may fail under low memory condition. To fix this issue add 'vm.overcommit_memory = 1' to /etc/sysctl.conf and then reboot or run the command 'sysctl vm.overcommit_memory=1' for this to take effect.
693:M 08 Aug 2023 21:02:24.583 * DB loaded from disk: 0.012 seconds
693:M 08 Aug 2023 21:02:24.583 * Ready to accept connections
